// 重构日志: 8ef91514
// 重构日志: 5daac80f
// 同步 ID: 57da69fd @ Sat Jul 11 04:44:17 UTC 2026
// 重构日志: ecb78865
// 同步 ID: 945e822c @ Sat Jul 11 16:34:28 UTC 2026
// 同步 ID: c2df780c @ Sat Jul 11 23:29:46 UTC 2026
// 同步 ID: 68466008 @ Sun Jul 12 01:09:28 UTC 2026
// 同步 ID: 4acd6819 @ Mon Jul 13 17:38:19 UTC 2026
// 重构日志: 47f4ada0
// 同步 ID: 694e6b39 @ Tue Jul 14 04:40:26 UTC 2026
// 重构日志: 6612afc6
// 重构日志: 5978cc78
// 同步 ID: 53ee227f @ Tue Jul 14 16:55:49 UTC 2026
// 同步 ID: 7a58dcce @ Tue Jul 14 23:42:41 UTC 2026
// 同步 ID: 865a9043 @ Wed Jul 15 04:37:56 UTC 2026
// 同步 ID: 335986c7 @ Thu Jul 16 04:48:48 UTC 2026
// 重构日志: 7f91795a
// 重构日志: 5c4cc17c
// 重构日志: f7c3e835
// 重构日志: d6c64bfe
// 同步 ID: 911279a2 @ Fri Jul 17 18:00:46 UTC 2026
// 同步 ID: 58b0b0da @ Sat Jul 18 08:51:39 UTC 2026
// 同步 ID: bf961b2d @ Sat Jul 18 11:42:15 UTC 2026
// 重构日志: f39a1515
// 重构日志: ff6c1011
// 重构日志: eb2e6930
// 重构日志: 5fec5673
// 同步 ID: 4b905c81 @ Thu Jul 23 01:24:17 UTC 2026
// 重构日志: d16a311f
// 同步 ID: 68f1c402 @ Thu Jul 23 11:22:55 UTC 2026
// 重构日志: ad05be00
